Build started 2018/3/15 21:17:49.
     1>Project "C:\Users\FanT\documents\visual studio 2010\Projects\jump\jump\jump.vcxproj" on node 2 (build target(s)).
     1>InitializeBuildStatus:
         Creating "Debug\jump.unsuccessfulbuild" because "AlwaysCreate" was specified.
       ClCompile:
         All outputs are up-to-date.
         C:\Program Files (x86)\Microsoft Visual Studio 10.0\VC\bin\CL.exe /c /ZI /nologo /W3 /WX- /Od /Oy- /D WIN32 /D _WINDOWS /D _DEBUG /D _MBCS /D _AFXDLL /Gm /EHsc /RTC1 /MDd /GS /fp:precise /Zc:wchar_t /Zc:forScope /Yu"StdAfx.h" /Fp"Debug\jump.pch" /Fo"Debug\\" /Fd"Debug\vc100.pdb" /Gd /TP /analyze- /errorReport:prompt jumpDlg.cpp
         jumpDlg.cpp
     1>c:\users\fant\documents\visual studio 2010\projects\jump\jump\jumpdlg.cpp(256): warning C4244: 'initializing' : conversion from 'double' to 'int', possible loss of data
     1>c:\users\fant\documents\visual studio 2010\projects\jump\jump\jumpdlg.cpp(259): warning C4244: 'initializing' : conversion from 'double' to 'int', possible loss of data
     1>c:\users\fant\documents\visual studio 2010\projects\jump\jump\jumpdlg.cpp(263): warning C4996: 'sprintf': This function or variable may be unsafe. Consider using sprintf_s instead. To disable deprecation, use _CRT_SECURE_NO_WARNINGS. See online help for details.
                 c:\program files (x86)\microsoft visual studio 10.0\vc\include\stdio.h(371) : see declaration of 'sprintf'
     1>c:\users\fant\documents\visual studio 2010\projects\jump\jump\jumpdlg.cpp(412): warning C4244: 'argument' : conversion from 'double' to 'int', possible loss of data
     1>c:\users\fant\documents\visual studio 2010\projects\jump\jump\jumpdlg.cpp(413): warning C4244: 'argument' : conversion from 'double' to 'int', possible loss of data
     1>c:\users\fant\documents\visual studio 2010\projects\jump\jump\jumpdlg.cpp(87): warning C4717: 'CjumpDlg::PreCreateWindow' : recursive on all control paths, function will cause runtime stack overflow
       ResourceCompile:
         All outputs are up-to-date.
       ManifestResourceCompile:
         All outputs are up-to-date.
       Link:
         C:\Program Files (x86)\Microsoft Visual Studio 10.0\VC\bin\link.exe /ERRORREPORT:PROMPT /OUT:"C:\Users\FanT\documents\visual studio 2010\Projects\Jump\Debug\jump.exe" /INCREMENTAL /NOLOGO /MANIFEST /ManifestFile:"Debug\jump.exe.intermediate.manifest" /MANIFESTUAC:"level='asInvoker' uiAccess='false'" /DEBUG /PDB:"C:\Users\FanT\documents\visual studio 2010\Projects\Jump\Debug\jump.pdb" /SUBSYSTEM:WINDOWS /TLBID:1 /DYNAMICBASE /NXCOMPAT /IMPLIB:"C:\Users\FanT\documents\visual studio 2010\Projects\Jump\Debug\jump.lib" /MACHINE:X86 Debug\jump.res
         Debug\jump.exe.embed.manifest.res
         Debug\jump.obj
         Debug\jumpDlg.obj
         Debug\stdafx.obj
       Manifest:
         C:\Program Files (x86)\Microsoft SDKs\Windows\v7.0A\bin\mt.exe /nologo /verbose /out:"Debug\jump.exe.embed.manifest" /manifest Debug\jump.exe.intermediate.manifest "C:\Program Files (x86)\Microsoft Visual Studio 10.0\VC\Include\Manifest\dpiaware.manifest"
         All outputs are up-to-date.
       LinkEmbedManifest:
         All outputs are up-to-date.
         jump.vcxproj -> C:\Users\FanT\documents\visual studio 2010\Projects\Jump\Debug\jump.exe
       FinalizeBuildStatus:
         Deleting file "Debug\jump.unsuccessfulbuild".
         Touching "Debug\jump.lastbuildstate".
     1>Done Building Project "C:\Users\FanT\documents\visual studio 2010\Projects\jump\jump\jump.vcxproj" (build target(s)).

Build succeeded.

Time Elapsed 00:00:03.08
